<?xml version="1.0" encoding="UTF-8"?>
<!-- Generated by org.testng.reporters.JUnitReportReporter -->
<testsuite hostname="Pauls-MBP.station" failures="0" tests="9" name="com.flyawayairlines.FlyAwayTest" time="22.820" errors="0" timestamp="2024-02-28T11:33:44 GMT" skipped="0">
  <testcase classname="com.flyawayairlines.FlyAwayTest" name="verifyAppUrl" time="0.295">
    <system-out>
      <![CDATA[App Url verified]]>
    </system-out>
  </testcase> <!-- verifyAppUrl -->
  <testcase classname="com.flyawayairlines.FlyAwayTest" name="verifyRegistrationPage" time="6.502">
    <system-out>
      <![CDATA[Registration page verified]]>
    </system-out>
  </testcase> <!-- verifyRegistrationPage -->
  <testcase classname="com.flyawayairlines.FlyAwayTest" name="verifyLogin" time="0.535">
    <system-out>
      <![CDATA[New user registration verified]]>
    </system-out>
  </testcase> <!-- verifyLogin -->
  <testcase classname="com.flyawayairlines.FlyAwayTest" name="verifySearchFlightPage" time="2.276">
    <system-out>
      <![CDATA[Search Flight page verified]]>
    </system-out>
  </testcase> <!-- verifySearchFlightPage -->
  <testcase classname="com.flyawayairlines.FlyAwayTest" name="verifySearchFlight" time="0.659">
    <system-out>
      <![CDATA[Booking flight using source and destination verified]]>
    </system-out>
  </testcase> <!-- verifySearchFlight -->
  <testcase classname="com.flyawayairlines.FlyAwayTest" name="verifyPaymentGateway" time="0.048">
    <system-out>
      <![CDATA[Payment gateway verified]]>
    </system-out>
  </testcase> <!-- verifyPaymentGateway -->
  <testcase classname="com.flyawayairlines.FlyAwayTest" name="verifyBookingConfirmation" time="12.255">
    <system-out>
      <![CDATA[Booking confirmed]]>
    </system-out>
  </testcase> <!-- verifyBookingConfirmation -->
  <testcase classname="com.flyawayairlines.FlyAwayTest" name="testLoginApi" time="0.077">
    <system-out>
      <![CDATA[Login page endpoint verified]]>
    </system-out>
  </testcase> <!-- testLoginApi -->
  <testcase classname="com.flyawayairlines.FlyAwayTest" name="testSearchFlightApi" time="0.173">
    <system-out>
      <![CDATA[Search Flight page endpoint verified]]>
    </system-out>
  </testcase> <!-- testSearchFlightApi -->
  <system-out>
    <![CDATA[App Url verified
Registration page verified
New user registration verified
Search Flight page verified
Booking flight using source and destination verified
Payment gateway verified
Booking confirmed
Login page endpoint verified
Search Flight page endpoint verified
Application closed]]>
  </system-out>
</testsuite> <!-- com.flyawayairlines.FlyAwayTest -->
